<?xml version="1.0" encoding="UTF-8"?>
<testng-results ignored="0" total="1" passed="1" failed="0" skipped="0">
  <reporter-output>
  </reporter-output>
  <suite started-at="2020-02-28T10:28:11Z" name="Command line suite" finished-at="2020-02-28T10:28:13Z" duration-ms="1834">
    <groups>
    </groups>
    <test started-at="2020-02-28T10:28:11Z" name="Command line test" finished-at="2020-02-28T10:28:13Z" duration-ms="1834">
      <class name="com.qa.sample.CucumberTestRunner">
        <test-method is-config="true" signature="setup()[pri:0, instance:com.qa.sample.CucumberTestRunner@76329302]" started-at="2020-02-28T10:28:11Z" name="setup" finished-at="2020-02-28T10:28:11Z" duration-ms="625" status="PASS">
          <reporter-output>
          </reporter-output>
        </test-method> <!-- setup -->
        <test-method signature="test(cucumber.api.testng.CucumberFeatureWrapper)[pri:0, instance:com.qa.sample.CucumberTestRunner@76329302]" started-at="2020-02-28T10:28:12Z" name="test" data-provider="features" finished-at="2020-02-28T10:28:12Z" duration-ms="762" status="PASS">
          <params>
            <param index="0">
              <value>
                <![CDATA[Check the poc]]>
              </value>
            </param>
          </params>
          <reporter-output>
          </reporter-output>
        </test-method> <!-- test -->
        <test-method is-config="true" signature="clean()[pri:0, instance:com.qa.sample.CucumberTestRunner@76329302]" started-at="2020-02-28T10:28:12Z" name="clean" finished-at="2020-02-28T10:28:13Z" duration-ms="217" status="PASS">
          <reporter-output>
          </reporter-output>
        </test-method> <!-- clean -->
      </class> <!-- com.qa.sample.CucumberTestRunner -->
    </test> <!-- Command line test -->
  </suite> <!-- Command line suite -->
</testng-results>
