<?xml version="1.0" encoding="UTF-8"?>
<testng-results ignored="0" total="1" passed="1" failed="0" skipped="0">
  <reporter-output>
  </reporter-output>
  <suite started-at="2020-02-28T11:16:21Z" name="Command line suite" finished-at="2020-02-28T11:16:22Z" duration-ms="1731">
    <groups>
    </groups>
    <test started-at="2020-02-28T11:16:21Z" name="Command line test" finished-at="2020-02-28T11:16:22Z" duration-ms="1731">
      <class name="com.qa.sample.CucumberTestRunner">
        <test-method is-config="true" signature="setup()[pri:0, instance:com.qa.sample.CucumberTestRunner@3ffcd140]" started-at="2020-02-28T11:16:21Z" name="setup" finished-at="2020-02-28T11:16:21Z" duration-ms="619" status="PASS">
          <reporter-output>
          </reporter-output>
        </test-method> <!-- setup -->
        <test-method signature="test(cucumber.api.testng.CucumberFeatureWrapper)[pri:0, instance:com.qa.sample.CucumberTestRunner@3ffcd140]" started-at="2020-02-28T11:16:21Z" name="test" data-provider="features" finished-at="2020-02-28T11:16:22Z" duration-ms="647" status="PASS">
          <params>
            <param index="0">
              <value>
                <![CDATA[Check the poc]]>
              </value>
            </param>
          </params>
          <reporter-output>
          </reporter-output>
        </test-method> <!-- test -->
        <test-method is-config="true" signature="clean()[pri:0, instance:com.qa.sample.CucumberTestRunner@3ffcd140]" started-at="2020-02-28T11:16:22Z" name="clean" finished-at="2020-02-28T11:16:22Z" duration-ms="202" status="PASS">
          <reporter-output>
          </reporter-output>
        </test-method> <!-- clean -->
      </class> <!-- com.qa.sample.CucumberTestRunner -->
    </test> <!-- Command line test -->
  </suite> <!-- Command line suite -->
</testng-results>
